{"timestamp": "2025-12-14T14:49:42.780257+05:30", "level": "INFO", "transaction_id": "cce3d77f", "message": "Environment: development", "taskName": "Task-2", "logger_name": "proryx_backend.proryx_backend.main", "module": "main", "function": "lifespan", "line": 46, "filename": "main.py", "service": {"name": "proryx-backend", "version": "0.1.0"}}
{"timestamp": "2025-12-14T14:49:42.781257+05:30", "level": "INFO", "transaction_id": "cce3d77f", "message": "Debug mode: True", "taskName": "Task-2", "logger_name": "proryx_backend.proryx_backend.main", "module": "main", "function": "lifespan", "line": 47, "filename": "main.py", "service": {"name": "proryx-backend", "version": "0.1.0"}}
{"timestamp": "2025-12-14T14:49:42.782311+05:30", "level": "INFO", "transaction_id": "ad164174", "message": "Application startup complete.", "taskName": "Task-1", "logger_name": "uvicorn.error", "module": "on", "function": "startup", "line": 62, "filename": "on.py", "service": {"name": "proryx-backend", "version": "0.1.0"}}
{"timestamp": "2025-12-14T14:49:42.790763+05:30", "level": "ERROR", "transaction_id": "cce3d77f", "message": "Traceback (most recent call last):\n  File \"C:\\Users\\mohta\\anaconda3\\Lib\\asyncio\\runners.py\", line 118, in run\n    return self._loop.run_until_complete(task)\n           ^^^^^^^^^^^^^^^^^^^^^^^^^^^^^^^^^^^\n  File \"C:\\Users\\mohta\\anaconda3\\Lib\\asyncio\\base_events.py\", line 687, in run_until_complete\n    return future.result()\n           ^^^^^^^^^^^^^^^\nasyncio.exceptions.CancelledError\n\nDuring handling of the above exception, another exception occurred:\n\nTraceback (most recent call last):\n  File \"C:\\Users\\mohta\\anaconda3\\Lib\\asyncio\\runners.py\", line 194, in run\n    return runner.run(main)\n           ^^^^^^^^^^^^^^^^\n  File \"C:\\Users\\mohta\\anaconda3\\Lib\\asyncio\\runners.py\", line 123, in run\n    raise KeyboardInterrupt()\nKeyboardInterrupt\n\nDuring handling of the above exception, another exception occurred:\n\nTraceback (most recent call last):\n  File \"D:\\sre-proryx\\.venv\\Lib\\site-packages\\starlette\\routing.py\", line 699, in lifespan\n    await receive()\n  File \"D:\\sre-proryx\\.venv\\Lib\\site-packages\\uvicorn\\lifespan\\on.py\", line 137, in receive\n    return await self.receive_queue.get()\n           ^^^^^^^^^^^^^^^^^^^^^^^^^^^^^^\n  File \"C:\\Users\\mohta\\anaconda3\\Lib\\asyncio\\queues.py\", line 158, in get\n    await getter\nasyncio.exceptions.CancelledError\n", "taskName": "Task-2", "logger_name": "uvicorn.error", "module": "on", "function": "send", "line": 134, "filename": "on.py", "service": {"name": "proryx-backend", "version": "0.1.0"}}
{"timestamp": "2025-12-14T14:49:49.797572+05:30", "level": "INFO", "transaction_id": "4111daef", "message": "Environment: development", "taskName": "Task-2", "logger_name": "proryx_backend.proryx_backend.main", "module": "main", "function": "lifespan", "line": 46, "filename": "main.py", "service": {"name": "proryx-backend", "version": "0.1.0"}}
{"timestamp": "2025-12-14T14:49:49.797572+05:30", "level": "INFO", "transaction_id": "4111daef", "message": "Debug mode: True", "taskName": "Task-2", "logger_name": "proryx_backend.proryx_backend.main", "module": "main", "function": "lifespan", "line": 47, "filename": "main.py", "service": {"name": "proryx-backend", "version": "0.1.0"}}
{"timestamp": "2025-12-14T14:49:49.798572+05:30", "level": "INFO", "transaction_id": "90f1cf15", "message": "Application startup complete.", "taskName": "Task-1", "logger_name": "uvicorn.error", "module": "on", "function": "startup", "line": 62, "filename": "on.py", "service": {"name": "proryx-backend", "version": "0.1.0"}}
{"timestamp": "2025-12-14T14:55:13.504890+05:30", "level": "INFO", "transaction_id": "90f1cf15", "message": "Shutting down", "taskName": "Task-1", "logger_name": "uvicorn.error", "module": "server", "function": "shutdown", "line": 264, "filename": "server.py", "service": {"name": "proryx-backend", "version": "0.1.0"}}
{"timestamp": "2025-12-14T14:55:14.149543+05:30", "level": "INFO", "transaction_id": "90f1cf15", "message": "Waiting for connections to close. (CTRL+C to force quit)", "taskName": "Task-1", "logger_name": "uvicorn.error", "module": "server", "function": "_wait_tasks_to_complete", "line": 299, "filename": "server.py", "service": {"name": "proryx-backend", "version": "0.1.0"}}
{"timestamp": "2025-12-14T14:55:16.156729+05:30", "level": "ERROR", "transaction_id": "1a9a4940", "message": "Unhandled exception: (asyncmy.errors.OperationalError) (1045, \"Access denied for user 'swm_dev'@'localhost' (using password: YES)\")\n(Background on this error at: https://sqlalche.me/e/20/e3q8)\nTraceback (most recent call last):\n  File \"D:\\sre-proryx\\.venv\\Lib\\site-packages\\sqlalchemy\\engine\\base.py\", line 143, in __init__\n    self._dbapi_connection = engine.raw_connection()\n                             ^^^^^^^^^^^^^^^^^^^^^^^\n  File \"D:\\sre-proryx\\.venv\\Lib\\site-packages\\sqlalchemy\\engine\\base.py\", line 3309, in raw_connection\n    return self.pool.connect()\n           ^^^^^^^^^^^^^^^^^^^\n  File \"D:\\sre-proryx\\.venv\\Lib\\site-packages\\sqlalchemy\\pool\\base.py\", line 447, in connect\n    return _ConnectionFairy._checkout(self)\n           ^^^^^^^^^^^^^^^^^^^^^^^^^^^^^^^^\n  File \"D:\\sre-proryx\\.venv\\Lib\\site-packages\\sqlalchemy\\pool\\base.py\", line 1264, in _checkout\n    fairy = _ConnectionRecord.checkout(pool)\n            ^^^^^^^^^^^^^^^^^^^^^^^^^^^^^^^^\n  File \"D:\\sre-proryx\\.venv\\Lib\\site-packages\\sqlalchemy\\pool\\base.py\", line 711, in checkout\n    rec = pool._do_get()\n          ^^^^^^^^^^^^^^\n  File \"D:\\sre-proryx\\.venv\\Lib\\site-packages\\sqlalchemy\\pool\\impl.py\", line 177, in _do_get\n    with util.safe_reraise():\n  File \"D:\\sre-proryx\\.venv\\Lib\\site-packages\\sqlalchemy\\util\\langhelpers.py\", line 224, in __exit__\n    raise exc_value.with_traceback(exc_tb)\n  File \"D:\\sre-proryx\\.venv\\Lib\\site-packages\\sqlalchemy\\pool\\impl.py\", line 175, in _do_get\n    return self._create_connection()\n           ^^^^^^^^^^^^^^^^^^^^^^^^^\n  File \"D:\\sre-proryx\\.venv\\Lib\\site-packages\\sqlalchemy\\pool\\base.py\", line 388, in _create_connection\n    return _ConnectionRecord(self)\n           ^^^^^^^^^^^^^^^^^^^^^^^\n  File \"D:\\sre-proryx\\.venv\\Lib\\site-packages\\sqlalchemy\\pool\\base.py\", line 673, in __init__\n    self.__connect()\n  File \"D:\\sre-proryx\\.venv\\Lib\\site-packages\\sqlalchemy\\pool\\base.py\", line 899, in __connect\n    with util.safe_reraise():\n  File \"D:\\sre-proryx\\.venv\\Lib\\site-packages\\sqlalchemy\\util\\langhelpers.py\", line 224, in __exit__\n    raise exc_value.with_traceback(exc_tb)\n  File \"D:\\sre-proryx\\.venv\\Lib\\site-packages\\sqlalchemy\\pool\\base.py\", line 895, in __connect\n    self.dbapi_connection = connection = pool._invoke_creator(self)\n                                         ^^^^^^^^^^^^^^^^^^^^^^^^^^\n  File \"D:\\sre-proryx\\.venv\\Lib\\site-packages\\sqlalchemy\\engine\\create.py\", line 661, in connect\n    return dialect.connect(*cargs, **cparams)\n           ^^^^^^^^^^^^^^^^^^^^^^^^^^^^^^^^^^\n  File \"D:\\sre-proryx\\.venv\\Lib\\site-packages\\sqlalchemy\\engine\\default.py\", line 630, in connect\n    return self.loaded_dbapi.connect(*cargs, **cparams)  # type: ignore[no-any-return]  # NOQA: E501\n           ^^^^^^^^^^^^^^^^^^^^^^^^^^^^^^^^^^^^^^^^^^^^\n  File \"D:\\sre-proryx\\.venv\\Lib\\site-packages\\sqlalchemy\\dialects\\mysql\\asyncmy.py\", line 171, in connect\n    await_only(creator_fn(*arg, **kw)),\n    ^^^^^^^^^^^^^^^^^^^^^^^^^^^^^^^^^^\n  File \"D:\\sre-proryx\\.venv\\Lib\\site-packages\\sqlalchemy\\util\\_concurrency_py3k.py\", line 132, in await_only\n    return current.parent.switch(awaitable)  # type: ignore[no-any-return,attr-defined] # noqa: E501\n           ^^^^^^^^^^^^^^^^^^^^^^^^^^^^^^^^\n  File \"D:\\sre-proryx\\.venv\\Lib\\site-packages\\sqlalchemy\\util\\_concurrency_py3k.py\", line 196, in greenlet_spawn\n    value = await result\n            ^^^^^^^^^^^^\n  File \"asyncmy\\\\connection.pyx\", line 1345, in _connect\n  File \"asyncmy\\\\connection.pyx\", line 596, in connect\n  File \"asyncmy\\\\connection.pyx\", line 574, in asyncmy.connection.Connection.connect\n  File \"asyncmy\\\\connection.pyx\", line 842, in _request_authentication\n  File \"asyncmy\\\\connection.pyx\", line 930, in _process_auth\n  File \"asyncmy\\\\connection.pyx\", line 646, in read_packet\n  File \"asyncmy\\\\protocol.pyx\", line 190, in asyncmy.protocol.MysqlPacket.raise_for_error\n  File \"asyncmy\\\\protocol.pyx\", line 194, in asyncmy.protocol.MysqlPacket.raise_for_error\n  File \"asyncmy\\\\errors.pyx\", line 128, in asyncmy.errors.raise_mysql_exception\n  File \"asyncmy\\\\errors.pyx\", line 137, in asyncmy.errors.raise_mysql_exception\nasyncmy.errors.OperationalError: (1045, \"Access denied for user 'swm_dev'@'localhost' (using password: YES)\")\n\nThe above exception was the direct cause of the following exception:\n\nTraceback (most recent call last):\n  File \"D:\\sre-proryx\\.venv\\Lib\\site-packages\\starlette\\middleware\\errors.py\", line 165, in __call__\n    await self.app(scope, receive, _send)\n  File \"D:\\sre-proryx\\.venv\\Lib\\site-packages\\starlette\\middleware\\base.py\", line 176, in __call__\n    with recv_stream, send_stream, collapse_excgroups():\n  File \"C:\\Users\\mohta\\anaconda3\\Lib\\contextlib.py\", line 158, in __exit__\n    self.gen.throw(value)\n  File \"D:\\sre-proryx\\.venv\\Lib\\site-packages\\starlette\\_utils.py\", line 82, in collapse_excgroups\n    raise exc\n  File \"D:\\sre-proryx\\.venv\\Lib\\site-packages\\starlette\\middleware\\base.py\", line 178, in __call__\n    response = await self.dispatch_func(request, call_next)\n               ^^^^^^^^^^^^^^^^^^^^^^^^^^^^^^^^^^^^^^^^^^^^\n  File \"D:\\sre-proryx\\proryx_backend\\core\\logging\\middleware.py\", line 126, in dispatch\n    response = await call_next(request)\n               ^^^^^^^^^^^^^^^^^^^^^^^^\n  File \"D:\\sre-proryx\\.venv\\Lib\\site-packages\\starlette\\middleware\\base.py\", line 156, in call_next\n    raise app_exc\n  File \"D:\\sre-proryx\\.venv\\Lib\\site-packages\\starlette\\middleware\\base.py\", line 141, in coro\n    await self.app(scope, receive_or_disconnect, send_no_error)\n  File \"D:\\sre-proryx\\.venv\\Lib\\site-packages\\starlette\\middleware\\cors.py\", line 93, in __call__\n    await self.simple_response(scope, receive, send, request_headers=headers)\n  File \"D:\\sre-proryx\\.venv\\Lib\\site-packages\\starlette\\middleware\\cors.py\", line 144, in simple_response\n    await self.app(scope, receive, send)\n  File \"D:\\sre-proryx\\.venv\\Lib\\site-packages\\starlette\\middleware\\exceptions.py\", line 62, in __call__\n    await wrap_app_handling_exceptions(self.app, conn)(scope, receive, send)\n  File \"D:\\sre-proryx\\.venv\\Lib\\site-packages\\starlette\\_exception_handler.py\", line 53, in wrapped_app\n    raise exc\n  File \"D:\\sre-proryx\\.venv\\Lib\\site-packages\\starlette\\_exception_handler.py\", line 42, in wrapped_app\n    await app(scope, receive, sender)\n  File \"D:\\sre-proryx\\.venv\\Lib\\site-packages\\starlette\\routing.py\", line 714, in __call__\n    await self.middleware_stack(scope, receive, send)\n  File \"D:\\sre-proryx\\.venv\\Lib\\site-packages\\starlette\\routing.py\", line 734, in app\n    await route.handle(scope, receive, send)\n  File \"D:\\sre-proryx\\.venv\\Lib\\site-packages\\starlette\\routing.py\", line 288, in handle\n    await self.app(scope, receive, send)\n  File \"D:\\sre-proryx\\.venv\\Lib\\site-packages\\starlette\\routing.py\", line 76, in app\n    await wrap_app_handling_exceptions(app, request)(scope, receive, send)\n  File \"D:\\sre-proryx\\.venv\\Lib\\site-packages\\starlette\\_exception_handler.py\", line 53, in wrapped_app\n    raise exc\n  File \"D:\\sre-proryx\\.venv\\Lib\\site-packages\\starlette\\_exception_handler.py\", line 42, in wrapped_app\n    await app(scope, receive, sender)\n  File \"D:\\sre-proryx\\.venv\\Lib\\site-packages\\starlette\\routing.py\", line 73, in app\n    response = await f(request)\n               ^^^^^^^^^^^^^^^^\n  File \"D:\\sre-proryx\\.venv\\Lib\\site-packages\\fastapi\\routing.py\", line 301, in app\n    raw_response = await run_endpoint_function(\n                   ^^^^^^^^^^^^^^^^^^^^^^^^^^^^\n  File \"D:\\sre-proryx\\.venv\\Lib\\site-packages\\fastapi\\routing.py\", line 212, in run_endpoint_function\n    return await dependant.call(**values)\n           ^^^^^^^^^^^^^^^^^^^^^^^^^^^^^^\n  File \"D:\\sre-proryx\\proryx_backend\\modules\\auth\\routers.py\", line 45, in login\n    user, tokens = await services.authenticate_user(\n                   ^^^^^^^^^^^^^^^^^^^^^^^^^^^^^^^^^\n  File \"D:\\sre-proryx\\proryx_backend\\modules\\auth\\services.py\", line 53, in authenticate_user\n    user = await crud.get_user_by_email_global(db, email)\n           ^^^^^^^^^^^^^^^^^^^^^^^^^^^^^^^^^^^^^^^^^^^^^^\n  File \"D:\\sre-proryx\\proryx_backend\\modules\\auth\\crud.py\", line 142, in get_user_by_email_global\n    result = await db.execute(\n             ^^^^^^^^^^^^^^^^^\n  File \"D:\\sre-proryx\\.venv\\Lib\\site-packages\\sqlalchemy\\ext\\asyncio\\session.py\", line 449, in execute\n    result = await greenlet_spawn(\n             ^^^^^^^^^^^^^^^^^^^^^\n  File \"D:\\sre-proryx\\.venv\\Lib\\site-packages\\sqlalchemy\\util\\_concurrency_py3k.py\", line 201, in greenlet_spawn\n    result = context.throw(*sys.exc_info())\n             ^^^^^^^^^^^^^^^^^^^^^^^^^^^^^^\n  File \"D:\\sre-proryx\\.venv\\Lib\\site-packages\\sqlalchemy\\orm\\session.py\", line 2351, in execute\n    return self._execute_internal(\n           ^^^^^^^^^^^^^^^^^^^^^^^\n  File \"D:\\sre-proryx\\.venv\\Lib\\site-packages\\sqlalchemy\\orm\\session.py\", line 2239, in _execute_internal\n    conn = self._connection_for_bind(bind)\n           ^^^^^^^^^^^^^^^^^^^^^^^^^^^^^^^\n  File \"D:\\sre-proryx\\.venv\\Lib\\site-packages\\sqlalchemy\\orm\\session.py\", line 2108, in _connection_for_bind\n    return trans._connection_for_bind(engine, execution_options)\n           ^^^^^^^^^^^^^^^^^^^^^^^^^^^^^^^^^^^^^^^^^^^^^^^^^^^^^\n  File \"<string>\", line 2, in _connection_for_bind\n  File \"D:\\sre-proryx\\.venv\\Lib\\site-packages\\sqlalchemy\\orm\\state_changes.py\", line 137, in _go\n    ret_value = fn(self, *arg, **kw)\n                ^^^^^^^^^^^^^^^^^^^^\n  File \"D:\\sre-proryx\\.venv\\Lib\\site-packages\\sqlalchemy\\orm\\session.py\", line 1187, in _connection_for_bind\n    conn = bind.connect()\n           ^^^^^^^^^^^^^^\n  File \"D:\\sre-proryx\\.venv\\Lib\\site-packages\\sqlalchemy\\engine\\base.py\", line 3285, in connect\n    return self._connection_cls(self)\n           ^^^^^^^^^^^^^^^^^^^^^^^^^^\n  File \"D:\\sre-proryx\\.venv\\Lib\\site-packages\\sqlalchemy\\engine\\base.py\", line 145, in __init__\n    Connection._handle_dbapi_exception_noconnection(\n  File \"D:\\sre-proryx\\.venv\\Lib\\site-packages\\sqlalchemy\\engine\\base.py\", line 2448, in _handle_dbapi_exception_noconnection\n    raise sqlalchemy_exception.with_traceback(exc_info[2]) from e\n  File \"D:\\sre-proryx\\.venv\\Lib\\site-packages\\sqlalchemy\\engine\\base.py\", line 143, in __init__\n    self._dbapi_connection = engine.raw_connection()\n                             ^^^^^^^^^^^^^^^^^^^^^^^\n  File \"D:\\sre-proryx\\.venv\\Lib\\site-packages\\sqlalchemy\\engine\\base.py\", line 3309, in raw_connection\n    return self.pool.connect()\n           ^^^^^^^^^^^^^^^^^^^\n  File \"D:\\sre-proryx\\.venv\\Lib\\site-packages\\sqlalchemy\\pool\\base.py\", line 447, in connect\n    return _ConnectionFairy._checkout(self)\n           ^^^^^^^^^^^^^^^^^^^^^^^^^^^^^^^^\n  File \"D:\\sre-proryx\\.venv\\Lib\\site-packages\\sqlalchemy\\pool\\base.py\", line 1264, in _checkout\n    fairy = _ConnectionRecord.checkout(pool)\n            ^^^^^^^^^^^^^^^^^^^^^^^^^^^^^^^^\n  File \"D:\\sre-proryx\\.venv\\Lib\\site-packages\\sqlalchemy\\pool\\base.py\", line 711, in checkout\n    rec = pool._do_get()\n          ^^^^^^^^^^^^^^\n  File \"D:\\sre-proryx\\.venv\\Lib\\site-packages\\sqlalchemy\\pool\\impl.py\", line 177, in _do_get\n    with util.safe_reraise():\n  File \"D:\\sre-proryx\\.venv\\Lib\\site-packages\\sqlalchemy\\util\\langhelpers.py\", line 224, in __exit__\n    raise exc_value.with_traceback(exc_tb)\n  File \"D:\\sre-proryx\\.venv\\Lib\\site-packages\\sqlalchemy\\pool\\impl.py\", line 175, in _do_get\n    return self._create_connection()\n           ^^^^^^^^^^^^^^^^^^^^^^^^^\n  File \"D:\\sre-proryx\\.venv\\Lib\\site-packages\\sqlalchemy\\pool\\base.py\", line 388, in _create_connection\n    return _ConnectionRecord(self)\n           ^^^^^^^^^^^^^^^^^^^^^^^\n  File \"D:\\sre-proryx\\.venv\\Lib\\site-packages\\sqlalchemy\\pool\\base.py\", line 673, in __init__\n    self.__connect()\n  File \"D:\\sre-proryx\\.venv\\Lib\\site-packages\\sqlalchemy\\pool\\base.py\", line 899, in __connect\n    with util.safe_reraise():\n  File \"D:\\sre-proryx\\.venv\\Lib\\site-packages\\sqlalchemy\\util\\langhelpers.py\", line 224, in __exit__\n    raise exc_value.with_traceback(exc_tb)\n  File \"D:\\sre-proryx\\.venv\\Lib\\site-packages\\sqlalchemy\\pool\\base.py\", line 895, in __connect\n    self.dbapi_connection = connection = pool._invoke_creator(self)\n                                         ^^^^^^^^^^^^^^^^^^^^^^^^^^\n  File \"D:\\sre-proryx\\.venv\\Lib\\site-packages\\sqlalchemy\\engine\\create.py\", line 661, in connect\n    return dialect.connect(*cargs, **cparams)\n           ^^^^^^^^^^^^^^^^^^^^^^^^^^^^^^^^^^\n  File \"D:\\sre-proryx\\.venv\\Lib\\site-packages\\sqlalchemy\\engine\\default.py\", line 630, in connect\n    return self.loaded_dbapi.connect(*cargs, **cparams)  # type: ignore[no-any-return]  # NOQA: E501\n           ^^^^^^^^^^^^^^^^^^^^^^^^^^^^^^^^^^^^^^^^^^^^\n  File \"D:\\sre-proryx\\.venv\\Lib\\site-packages\\sqlalchemy\\dialects\\mysql\\asyncmy.py\", line 171, in connect\n    await_only(creator_fn(*arg, **kw)),\n    ^^^^^^^^^^^^^^^^^^^^^^^^^^^^^^^^^^\n  File \"D:\\sre-proryx\\.venv\\Lib\\site-packages\\sqlalchemy\\util\\_concurrency_py3k.py\", line 132, in await_only\n    return current.parent.switch(awaitable)  # type: ignore[no-any-return,attr-defined] # noqa: E501\n           ^^^^^^^^^^^^^^^^^^^^^^^^^^^^^^^^\n  File \"D:\\sre-proryx\\.venv\\Lib\\site-packages\\sqlalchemy\\util\\_concurrency_py3k.py\", line 196, in greenlet_spawn\n    value = await result\n            ^^^^^^^^^^^^\n  File \"asyncmy\\\\connection.pyx\", line 1345, in _connect\n  File \"asyncmy\\\\connection.pyx\", line 596, in connect\n  File \"asyncmy\\\\connection.pyx\", line 574, in asyncmy.connection.Connection.connect\n  File \"asyncmy\\\\connection.pyx\", line 842, in _request_authentication\n  File \"asyncmy\\\\connection.pyx\", line 930, in _process_auth\n  File \"asyncmy\\\\connection.pyx\", line 646, in read_packet\n  File \"asyncmy\\\\protocol.pyx\", line 190, in asyncmy.protocol.MysqlPacket.raise_for_error\n  File \"asyncmy\\\\protocol.pyx\", line 194, in asyncmy.protocol.MysqlPacket.raise_for_error\n  File \"asyncmy\\\\errors.pyx\", line 128, in asyncmy.errors.raise_mysql_exception\n  File \"asyncmy\\\\errors.pyx\", line 137, in asyncmy.errors.raise_mysql_exception\nsqlalchemy.exc.OperationalError: (asyncmy.errors.OperationalError) (1045, \"Access denied for user 'swm_dev'@'localhost' (using password: YES)\")\n(Background on this error at: https://sqlalche.me/e/20/e3q8)", "taskName": "Task-4", "logger_name": "proryx_backend.proryx_backend.main", "module": "main", "function": "general_exception_handler", "line": 97, "filename": "main.py", "service": {"name": "proryx-backend", "version": "0.1.0"}}
{"timestamp": "2025-12-14T14:55:16.317560+05:30", "level": "ERROR", "transaction_id": "1a9a4940", "message": "Exception in ASGI application\nTraceback (most recent call last):\n  File \"D:\\sre-proryx\\.venv\\Lib\\site-packages\\sqlalchemy\\engine\\base.py\", line 143, in __init__\n    self._dbapi_connection = engine.raw_connection()\n                             ^^^^^^^^^^^^^^^^^^^^^^^\n  File \"D:\\sre-proryx\\.venv\\Lib\\site-packages\\sqlalchemy\\engine\\base.py\", line 3309, in raw_connection\n    return self.pool.connect()\n           ^^^^^^^^^^^^^^^^^^^\n  File \"D:\\sre-proryx\\.venv\\Lib\\site-packages\\sqlalchemy\\pool\\base.py\", line 447, in connect\n    return _ConnectionFairy._checkout(self)\n           ^^^^^^^^^^^^^^^^^^^^^^^^^^^^^^^^\n  File \"D:\\sre-proryx\\.venv\\Lib\\site-packages\\sqlalchemy\\pool\\base.py\", line 1264, in _checkout\n    fairy = _ConnectionRecord.checkout(pool)\n            ^^^^^^^^^^^^^^^^^^^^^^^^^^^^^^^^\n  File \"D:\\sre-proryx\\.venv\\Lib\\site-packages\\sqlalchemy\\pool\\base.py\", line 711, in checkout\n    rec = pool._do_get()\n          ^^^^^^^^^^^^^^\n  File \"D:\\sre-proryx\\.venv\\Lib\\site-packages\\sqlalchemy\\pool\\impl.py\", line 177, in _do_get\n    with util.safe_reraise():\n  File \"D:\\sre-proryx\\.venv\\Lib\\site-packages\\sqlalchemy\\util\\langhelpers.py\", line 224, in __exit__\n    raise exc_value.with_traceback(exc_tb)\n  File \"D:\\sre-proryx\\.venv\\Lib\\site-packages\\sqlalchemy\\pool\\impl.py\", line 175, in _do_get\n    return self._create_connection()\n           ^^^^^^^^^^^^^^^^^^^^^^^^^\n  File \"D:\\sre-proryx\\.venv\\Lib\\site-packages\\sqlalchemy\\pool\\base.py\", line 388, in _create_connection\n    return _ConnectionRecord(self)\n           ^^^^^^^^^^^^^^^^^^^^^^^\n  File \"D:\\sre-proryx\\.venv\\Lib\\site-packages\\sqlalchemy\\pool\\base.py\", line 673, in __init__\n    self.__connect()\n  File \"D:\\sre-proryx\\.venv\\Lib\\site-packages\\sqlalchemy\\pool\\base.py\", line 899, in __connect\n    with util.safe_reraise():\n  File \"D:\\sre-proryx\\.venv\\Lib\\site-packages\\sqlalchemy\\util\\langhelpers.py\", line 224, in __exit__\n    raise exc_value.with_traceback(exc_tb)\n  File \"D:\\sre-proryx\\.venv\\Lib\\site-packages\\sqlalchemy\\pool\\base.py\", line 895, in __connect\n    self.dbapi_connection = connection = pool._invoke_creator(self)\n                                         ^^^^^^^^^^^^^^^^^^^^^^^^^^\n  File \"D:\\sre-proryx\\.venv\\Lib\\site-packages\\sqlalchemy\\engine\\create.py\", line 661, in connect\n    return dialect.connect(*cargs, **cparams)\n           ^^^^^^^^^^^^^^^^^^^^^^^^^^^^^^^^^^\n  File \"D:\\sre-proryx\\.venv\\Lib\\site-packages\\sqlalchemy\\engine\\default.py\", line 630, in connect\n    return self.loaded_dbapi.connect(*cargs, **cparams)  # type: ignore[no-any-return]  # NOQA: E501\n           ^^^^^^^^^^^^^^^^^^^^^^^^^^^^^^^^^^^^^^^^^^^^\n  File \"D:\\sre-proryx\\.venv\\Lib\\site-packages\\sqlalchemy\\dialects\\mysql\\asyncmy.py\", line 171, in connect\n    await_only(creator_fn(*arg, **kw)),\n    ^^^^^^^^^^^^^^^^^^^^^^^^^^^^^^^^^^\n  File \"D:\\sre-proryx\\.venv\\Lib\\site-packages\\sqlalchemy\\util\\_concurrency_py3k.py\", line 132, in await_only\n    return current.parent.switch(awaitable)  # type: ignore[no-any-return,attr-defined] # noqa: E501\n           ^^^^^^^^^^^^^^^^^^^^^^^^^^^^^^^^\n  File \"D:\\sre-proryx\\.venv\\Lib\\site-packages\\sqlalchemy\\util\\_concurrency_py3k.py\", line 196, in greenlet_spawn\n    value = await result\n            ^^^^^^^^^^^^\n  File \"asyncmy\\\\connection.pyx\", line 1345, in _connect\n  File \"asyncmy\\\\connection.pyx\", line 596, in connect\n  File \"asyncmy\\\\connection.pyx\", line 574, in asyncmy.connection.Connection.connect\n  File \"asyncmy\\\\connection.pyx\", line 842, in _request_authentication\n  File \"asyncmy\\\\connection.pyx\", line 930, in _process_auth\n  File \"asyncmy\\\\connection.pyx\", line 646, in read_packet\n  File \"asyncmy\\\\protocol.pyx\", line 190, in asyncmy.protocol.MysqlPacket.raise_for_error\n  File \"asyncmy\\\\protocol.pyx\", line 194, in asyncmy.protocol.MysqlPacket.raise_for_error\n  File \"asyncmy\\\\errors.pyx\", line 128, in asyncmy.errors.raise_mysql_exception\n  File \"asyncmy\\\\errors.pyx\", line 137, in asyncmy.errors.raise_mysql_exception\nasyncmy.errors.OperationalError: (1045, \"Access denied for user 'swm_dev'@'localhost' (using password: YES)\")\n\nThe above exception was the direct cause of the following exception:\n\nTraceback (most recent call last):\n  File \"D:\\sre-proryx\\.venv\\Lib\\site-packages\\uvicorn\\protocols\\http\\httptools_impl.py\", line 409, in run_asgi\n    result = await app(  # type: ignore[func-returns-value]\n             ^^^^^^^^^^^^^^^^^^^^^^^^^^^^^^^^^^^^^^^^^^^^^^\n  File \"D:\\sre-proryx\\.venv\\Lib\\site-packages\\uvicorn\\middleware\\proxy_headers.py\", line 60, in __call__\n    return await self.app(scope, receive, send)\n           ^^^^^^^^^^^^^^^^^^^^^^^^^^^^^^^^^^^^\n  File \"D:\\sre-proryx\\.venv\\Lib\\site-packages\\fastapi\\applications.py\", line 1054, in __call__\n    await super().__call__(scope, receive, send)\n  File \"D:\\sre-proryx\\.venv\\Lib\\site-packages\\starlette\\applications.py\", line 112, in __call__\n    await self.middleware_stack(scope, receive, send)\n  File \"D:\\sre-proryx\\.venv\\Lib\\site-packages\\starlette\\middleware\\errors.py\", line 187, in __call__\n    raise exc\n  File \"D:\\sre-proryx\\.venv\\Lib\\site-packages\\starlette\\middleware\\errors.py\", line 165, in __call__\n    await self.app(scope, receive, _send)\n  File \"D:\\sre-proryx\\.venv\\Lib\\site-packages\\starlette\\middleware\\base.py\", line 176, in __call__\n    with recv_stream, send_stream, collapse_excgroups():\n  File \"C:\\Users\\mohta\\anaconda3\\Lib\\contextlib.py\", line 158, in __exit__\n    self.gen.throw(value)\n  File \"D:\\sre-proryx\\.venv\\Lib\\site-packages\\starlette\\_utils.py\", line 82, in collapse_excgroups\n    raise exc\n  File \"D:\\sre-proryx\\.venv\\Lib\\site-packages\\starlette\\middleware\\base.py\", line 178, in __call__\n    response = await self.dispatch_func(request, call_next)\n               ^^^^^^^^^^^^^^^^^^^^^^^^^^^^^^^^^^^^^^^^^^^^\n  File \"D:\\sre-proryx\\proryx_backend\\core\\logging\\middleware.py\", line 126, in dispatch\n    response = await call_next(request)\n               ^^^^^^^^^^^^^^^^^^^^^^^^\n  File \"D:\\sre-proryx\\.venv\\Lib\\site-packages\\starlette\\middleware\\base.py\", line 156, in call_next\n    raise app_exc\n  File \"D:\\sre-proryx\\.venv\\Lib\\site-packages\\starlette\\middleware\\base.py\", line 141, in coro\n    await self.app(scope, receive_or_disconnect, send_no_error)\n  File \"D:\\sre-proryx\\.venv\\Lib\\site-packages\\starlette\\middleware\\cors.py\", line 93, in __call__\n    await self.simple_response(scope, receive, send, request_headers=headers)\n  File \"D:\\sre-proryx\\.venv\\Lib\\site-packages\\starlette\\middleware\\cors.py\", line 144, in simple_response\n    await self.app(scope, receive, send)\n  File \"D:\\sre-proryx\\.venv\\Lib\\site-packages\\starlette\\middleware\\exceptions.py\", line 62, in __call__\n    await wrap_app_handling_exceptions(self.app, conn)(scope, receive, send)\n  File \"D:\\sre-proryx\\.venv\\Lib\\site-packages\\starlette\\_exception_handler.py\", line 53, in wrapped_app\n    raise exc\n  File \"D:\\sre-proryx\\.venv\\Lib\\site-packages\\starlette\\_exception_handler.py\", line 42, in wrapped_app\n    await app(scope, receive, sender)\n  File \"D:\\sre-proryx\\.venv\\Lib\\site-packages\\starlette\\routing.py\", line 714, in __call__\n    await self.middleware_stack(scope, receive, send)\n  File \"D:\\sre-proryx\\.venv\\Lib\\site-packages\\starlette\\routing.py\", line 734, in app\n    await route.handle(scope, receive, send)\n  File \"D:\\sre-proryx\\.venv\\Lib\\site-packages\\starlette\\routing.py\", line 288, in handle\n    await self.app(scope, receive, send)\n  File \"D:\\sre-proryx\\.venv\\Lib\\site-packages\\starlette\\routing.py\", line 76, in app\n    await wrap_app_handling_exceptions(app, request)(scope, receive, send)\n  File \"D:\\sre-proryx\\.venv\\Lib\\site-packages\\starlette\\_exception_handler.py\", line 53, in wrapped_app\n    raise exc\n  File \"D:\\sre-proryx\\.venv\\Lib\\site-packages\\starlette\\_exception_handler.py\", line 42, in wrapped_app\n    await app(scope, receive, sender)\n  File \"D:\\sre-proryx\\.venv\\Lib\\site-packages\\starlette\\routing.py\", line 73, in app\n    response = await f(request)\n               ^^^^^^^^^^^^^^^^\n  File \"D:\\sre-proryx\\.venv\\Lib\\site-packages\\fastapi\\routing.py\", line 301, in app\n    raw_response = await run_endpoint_function(\n                   ^^^^^^^^^^^^^^^^^^^^^^^^^^^^\n  File \"D:\\sre-proryx\\.venv\\Lib\\site-packages\\fastapi\\routing.py\", line 212, in run_endpoint_function\n    return await dependant.call(**values)\n           ^^^^^^^^^^^^^^^^^^^^^^^^^^^^^^\n  File \"D:\\sre-proryx\\proryx_backend\\modules\\auth\\routers.py\", line 45, in login\n    user, tokens = await services.authenticate_user(\n                   ^^^^^^^^^^^^^^^^^^^^^^^^^^^^^^^^^\n  File \"D:\\sre-proryx\\proryx_backend\\modules\\auth\\services.py\", line 53, in authenticate_user\n    user = await crud.get_user_by_email_global(db, email)\n           ^^^^^^^^^^^^^^^^^^^^^^^^^^^^^^^^^^^^^^^^^^^^^^\n  File \"D:\\sre-proryx\\proryx_backend\\modules\\auth\\crud.py\", line 142, in get_user_by_email_global\n    result = await db.execute(\n             ^^^^^^^^^^^^^^^^^\n  File \"D:\\sre-proryx\\.venv\\Lib\\site-packages\\sqlalchemy\\ext\\asyncio\\session.py\", line 449, in execute\n    result = await greenlet_spawn(\n             ^^^^^^^^^^^^^^^^^^^^^\n  File \"D:\\sre-proryx\\.venv\\Lib\\site-packages\\sqlalchemy\\util\\_concurrency_py3k.py\", line 201, in greenlet_spawn\n    result = context.throw(*sys.exc_info())\n             ^^^^^^^^^^^^^^^^^^^^^^^^^^^^^^\n  File \"D:\\sre-proryx\\.venv\\Lib\\site-packages\\sqlalchemy\\orm\\session.py\", line 2351, in execute\n    return self._execute_internal(\n           ^^^^^^^^^^^^^^^^^^^^^^^\n  File \"D:\\sre-proryx\\.venv\\Lib\\site-packages\\sqlalchemy\\orm\\session.py\", line 2239, in _execute_internal\n    conn = self._connection_for_bind(bind)\n           ^^^^^^^^^^^^^^^^^^^^^^^^^^^^^^^\n  File \"D:\\sre-proryx\\.venv\\Lib\\site-packages\\sqlalchemy\\orm\\session.py\", line 2108, in _connection_for_bind\n    return trans._connection_for_bind(engine, execution_options)\n           ^^^^^^^^^^^^^^^^^^^^^^^^^^^^^^^^^^^^^^^^^^^^^^^^^^^^^\n  File \"<string>\", line 2, in _connection_for_bind\n  File \"D:\\sre-proryx\\.venv\\Lib\\site-packages\\sqlalchemy\\orm\\state_changes.py\", line 137, in _go\n    ret_value = fn(self, *arg, **kw)\n                ^^^^^^^^^^^^^^^^^^^^\n  File \"D:\\sre-proryx\\.venv\\Lib\\site-packages\\sqlalchemy\\orm\\session.py\", line 1187, in _connection_for_bind\n    conn = bind.connect()\n           ^^^^^^^^^^^^^^\n  File \"D:\\sre-proryx\\.venv\\Lib\\site-packages\\sqlalchemy\\engine\\base.py\", line 3285, in connect\n    return self._connection_cls(self)\n           ^^^^^^^^^^^^^^^^^^^^^^^^^^\n  File \"D:\\sre-proryx\\.venv\\Lib\\site-packages\\sqlalchemy\\engine\\base.py\", line 145, in __init__\n    Connection._handle_dbapi_exception_noconnection(\n  File \"D:\\sre-proryx\\.venv\\Lib\\site-packages\\sqlalchemy\\engine\\base.py\", line 2448, in _handle_dbapi_exception_noconnection\n    raise sqlalchemy_exception.with_traceback(exc_info[2]) from e\n  File \"D:\\sre-proryx\\.venv\\Lib\\site-packages\\sqlalchemy\\engine\\base.py\", line 143, in __init__\n    self._dbapi_connection = engine.raw_connection()\n                             ^^^^^^^^^^^^^^^^^^^^^^^\n  File \"D:\\sre-proryx\\.venv\\Lib\\site-packages\\sqlalchemy\\engine\\base.py\", line 3309, in raw_connection\n    return self.pool.connect()\n           ^^^^^^^^^^^^^^^^^^^\n  File \"D:\\sre-proryx\\.venv\\Lib\\site-packages\\sqlalchemy\\pool\\base.py\", line 447, in connect\n    return _ConnectionFairy._checkout(self)\n           ^^^^^^^^^^^^^^^^^^^^^^^^^^^^^^^^\n  File \"D:\\sre-proryx\\.venv\\Lib\\site-packages\\sqlalchemy\\pool\\base.py\", line 1264, in _checkout\n    fairy = _ConnectionRecord.checkout(pool)\n            ^^^^^^^^^^^^^^^^^^^^^^^^^^^^^^^^\n  File \"D:\\sre-proryx\\.venv\\Lib\\site-packages\\sqlalchemy\\pool\\base.py\", line 711, in checkout\n    rec = pool._do_get()\n          ^^^^^^^^^^^^^^\n  File \"D:\\sre-proryx\\.venv\\Lib\\site-packages\\sqlalchemy\\pool\\impl.py\", line 177, in _do_get\n    with util.safe_reraise():\n  File \"D:\\sre-proryx\\.venv\\Lib\\site-packages\\sqlalchemy\\util\\langhelpers.py\", line 224, in __exit__\n    raise exc_value.with_traceback(exc_tb)\n  File \"D:\\sre-proryx\\.venv\\Lib\\site-packages\\sqlalchemy\\pool\\impl.py\", line 175, in _do_get\n    return self._create_connection()\n           ^^^^^^^^^^^^^^^^^^^^^^^^^\n  File \"D:\\sre-proryx\\.venv\\Lib\\site-packages\\sqlalchemy\\pool\\base.py\", line 388, in _create_connection\n    return _ConnectionRecord(self)\n           ^^^^^^^^^^^^^^^^^^^^^^^\n  File \"D:\\sre-proryx\\.venv\\Lib\\site-packages\\sqlalchemy\\pool\\base.py\", line 673, in __init__\n    self.__connect()\n  File \"D:\\sre-proryx\\.venv\\Lib\\site-packages\\sqlalchemy\\pool\\base.py\", line 899, in __connect\n    with util.safe_reraise():\n  File \"D:\\sre-proryx\\.venv\\Lib\\site-packages\\sqlalchemy\\util\\langhelpers.py\", line 224, in __exit__\n    raise exc_value.with_traceback(exc_tb)\n  File \"D:\\sre-proryx\\.venv\\Lib\\site-packages\\sqlalchemy\\pool\\base.py\", line 895, in __connect\n    self.dbapi_connection = connection = pool._invoke_creator(self)\n                                         ^^^^^^^^^^^^^^^^^^^^^^^^^^\n  File \"D:\\sre-proryx\\.venv\\Lib\\site-packages\\sqlalchemy\\engine\\create.py\", line 661, in connect\n    return dialect.connect(*cargs, **cparams)\n           ^^^^^^^^^^^^^^^^^^^^^^^^^^^^^^^^^^\n  File \"D:\\sre-proryx\\.venv\\Lib\\site-packages\\sqlalchemy\\engine\\default.py\", line 630, in connect\n    return self.loaded_dbapi.connect(*cargs, **cparams)  # type: ignore[no-any-return]  # NOQA: E501\n           ^^^^^^^^^^^^^^^^^^^^^^^^^^^^^^^^^^^^^^^^^^^^\n  File \"D:\\sre-proryx\\.venv\\Lib\\site-packages\\sqlalchemy\\dialects\\mysql\\asyncmy.py\", line 171, in connect\n    await_only(creator_fn(*arg, **kw)),\n    ^^^^^^^^^^^^^^^^^^^^^^^^^^^^^^^^^^\n  File \"D:\\sre-proryx\\.venv\\Lib\\site-packages\\sqlalchemy\\util\\_concurrency_py3k.py\", line 132, in await_only\n    return current.parent.switch(awaitable)  # type: ignore[no-any-return,attr-defined] # noqa: E501\n           ^^^^^^^^^^^^^^^^^^^^^^^^^^^^^^^^\n  File \"D:\\sre-proryx\\.venv\\Lib\\site-packages\\sqlalchemy\\util\\_concurrency_py3k.py\", line 196, in greenlet_spawn\n    value = await result\n            ^^^^^^^^^^^^\n  File \"asyncmy\\\\connection.pyx\", line 1345, in _connect\n  File \"asyncmy\\\\connection.pyx\", line 596, in connect\n  File \"asyncmy\\\\connection.pyx\", line 574, in asyncmy.connection.Connection.connect\n  File \"asyncmy\\\\connection.pyx\", line 842, in _request_authentication\n  File \"asyncmy\\\\connection.pyx\", line 930, in _process_auth\n  File \"asyncmy\\\\connection.pyx\", line 646, in read_packet\n  File \"asyncmy\\\\protocol.pyx\", line 190, in asyncmy.protocol.MysqlPacket.raise_for_error\n  File \"asyncmy\\\\protocol.pyx\", line 194, in asyncmy.protocol.MysqlPacket.raise_for_error\n  File \"asyncmy\\\\errors.pyx\", line 128, in asyncmy.errors.raise_mysql_exception\n  File \"asyncmy\\\\errors.pyx\", line 137, in asyncmy.errors.raise_mysql_exception\nsqlalchemy.exc.OperationalError: (asyncmy.errors.OperationalError) (1045, \"Access denied for user 'swm_dev'@'localhost' (using password: YES)\")\n(Background on this error at: https://sqlalche.me/e/20/e3q8)", "taskName": "Task-4", "logger_name": "uvicorn.error", "module": "httptools_impl", "function": "run_asgi", "line": 414, "filename": "httptools_impl.py", "service": {"name": "proryx-backend", "version": "0.1.0"}}
{"timestamp": "2025-12-14T14:55:16.322626+05:30", "level": "INFO", "transaction_id": "90f1cf15", "message": "Waiting for application shutdown.", "taskName": "Task-1", "logger_name": "uvicorn.error", "module": "on", "function": "shutdown", "line": 67, "filename": "on.py", "service": {"name": "proryx-backend", "version": "0.1.0"}}
{"timestamp": "2025-12-14T14:55:16.322626+05:30", "level": "INFO", "transaction_id": "4111daef", "message": "Shutting down ProRyx application...", "taskName": "Task-2", "logger_name": "proryx_backend.proryx_backend.main", "module": "main", "function": "lifespan", "line": 50, "filename": "main.py", "service": {"name": "proryx-backend", "version": "0.1.0"}}
{"timestamp": "2025-12-14T14:55:26.717497+05:30", "level": "INFO", "transaction_id": "b3669118", "message": "Environment: development", "taskName": "Task-2", "logger_name": "proryx_backend.proryx_backend.main", "module": "main", "function": "lifespan", "line": 46, "filename": "main.py", "service": {"name": "proryx-backend", "version": "0.1.0"}}
{"timestamp": "2025-12-14T14:55:26.717497+05:30", "level": "INFO", "transaction_id": "b3669118", "message": "Debug mode: True", "taskName": "Task-2", "logger_name": "proryx_backend.proryx_backend.main", "module": "main", "function": "lifespan", "line": 47, "filename": "main.py", "service": {"name": "proryx-backend", "version": "0.1.0"}}
{"timestamp": "2025-12-14T14:55:26.760791+05:30", "level": "INFO", "transaction_id": "06572aa8", "message": "Application startup complete.", "taskName": "Task-1", "logger_name": "uvicorn.error", "module": "on", "function": "startup", "line": 62, "filename": "on.py", "service": {"name": "proryx-backend", "version": "0.1.0"}}
